\BOOKMARK [1][-]{section*.1}{\376\377\000S\000u\000m\000m\000a\000r\000i\000z\000i\000n\000g\000\040\000D\000a\000t\000a}{}% 1
\BOOKMARK [1][-]{section*.2}{\376\377\000M\000o\000t\000i\000v\000a\000t\000i\000n\000g\000\040\000E\000x\000a\000m\000p\000l\000e}{}% 2
\BOOKMARK [1][-]{section*.3}{\376\377\000U\000n\000g\000r\000o\000u\000p\000e\000d\000\040\000F\000r\000e\000q\000u\000e\000n\000c\000y\000\040\000T\000a\000b\000l\000e}{}% 3
\BOOKMARK [1][-]{section*.4}{\376\377\000U\000n\000g\000r\000o\000u\000p\000e\000d\000\040\000F\000r\000e\000q\000u\000e\000n\000c\000y\000\040\000T\000a\000b\000l\000e\000\040\000C\000r\000e\000a\000t\000i\000o\000n\000\040\000S\000t\000e\000p\000s}{}% 4
\BOOKMARK [1][-]{section*.5}{\376\377\000G\000r\000o\000u\000p\000e\000d\000\040\000F\000r\000e\000q\000u\000e\000n\000c\000y\000\040\000T\000a\000b\000l\000e}{}% 5
\BOOKMARK [1][-]{section*.6}{\376\377\000G\000r\000o\000u\000p\000e\000d\000\040\000F\000r\000e\000q\000u\000e\000n\000c\000y\000\040\000T\000a\000b\000l\000e\000\040\000C\000r\000e\000a\000t\000i\000o\000n\000\040\000S\000t\000e\000p\000s}{}% 6
\BOOKMARK [1][-]{section*.7}{\376\377\000E\000f\000f\000e\000c\000t\000\040\000o\000f\000\040\000C\000l\000a\000s\000s\000\040\000I\000n\000t\000e\000r\000v\000a\000l\000\040\000S\000i\000z\000e}{}% 7
\BOOKMARK [1][-]{section*.8}{\376\377\000A\000d\000d\000i\000t\000i\000o\000n\000a\000l\000\040\000N\000o\000t\000e\000s\000\040\000f\000o\000r\000\040\000G\000r\000o\000u\000p\000e\000d\000\040\000F\000r\000e\000q\000u\000e\000n\000c\000y\000\040\000T\000a\000b\000l\000e\000s}{}% 8
\BOOKMARK [1][-]{section*.9}{\376\377\000U\000n\000e\000q\000u\000a\000l\000\040\000F\000r\000e\000q\000u\000e\000n\000c\000y\000\040\000D\000i\000s\000t\000r\000i\000b\000u\000t\000i\000o\000n\000s}{}% 9
\BOOKMARK [1][-]{section*.10}{\376\377\000U\000n\000e\000q\000u\000a\000l\000\040\000F\000r\000e\000q\000u\000e\000n\000c\000y\000\040\000D\000i\000s\000t\000r\000i\000b\000u\000t\000i\000o\000n\000\040\000E\000x\000a\000m\000p\000l\000e}{}% 10
\BOOKMARK [1][-]{section*.11}{\376\377\000R\000e\000l\000a\000t\000i\000v\000e\000\040\000F\000r\000e\000q\000u\000e\000n\000c\000y\000\040\000D\000i\000s\000t\000r\000i\000b\000u\000t\000i\000o\000n\000s}{}% 11
\BOOKMARK [1][-]{section*.12}{\376\377\000R\000e\000l\000a\000t\000i\000v\000e\000\040\000F\000r\000e\000q\000u\000e\000n\000c\000y\000\040\000D\000i\000s\000t\000r\000i\000b\000u\000t\000i\000o\000n\000\040\000E\000x\000a\000m\000p\000l\000e}{}% 12
\BOOKMARK [1][-]{section*.13}{\376\377\000R\000e\000l\000a\000t\000i\000v\000e\000\040\000F\000r\000e\000q\000u\000e\000n\000c\000y\000\040\000b\000y\000\040\000G\000r\000o\000u\000p\000s}{}% 13
\BOOKMARK [1][-]{section*.14}{\376\377\000C\000u\000m\000u\000l\000a\000t\000i\000v\000e\000\040\000F\000r\000e\000q\000u\000e\000n\000c\000y\000\040\000D\000i\000s\000t\000r\000i\000b\000u\000t\000i\000o\000n\000s}{}% 14
\BOOKMARK [1][-]{section*.15}{\376\377\000C\000u\000m\000u\000l\000a\000t\000i\000v\000e\000\040\000F\000r\000e\000q\000u\000e\000n\000c\000y\000\040\000C\000r\000e\000a\000t\000i\000o\000n}{}% 15
\BOOKMARK [1][-]{section*.16}{\376\377\000F\000r\000e\000q\000u\000e\000n\000c\000y\000\040\000D\000i\000s\000t\000r\000i\000b\000u\000t\000i\000o\000n\000\040\000f\000o\000r\000\040\000Q\000u\000a\000l\000i\000t\000a\000t\000i\000v\000e\000\040\000V\000a\000r\000i\000a\000b\000l\000e\000s}{}% 16
\BOOKMARK [1][-]{section*.17}{\376\377\000G\000r\000a\000p\000h\000s}{}% 17
\BOOKMARK [1][-]{section*.18}{\376\377\000H\000i\000s\000t\000o\000g\000r\000a\000m\000s}{}% 18
\BOOKMARK [1][-]{section*.19}{\376\377\000S\000h\000a\000p\000e\000s\000\040\000o\000f\000\040\000D\000i\000s\000t\000r\000i\000b\000u\000t\000i\000o\000n\000s}{}% 19
\BOOKMARK [1][-]{section*.20}{\376\377\000D\000e\000s\000c\000r\000i\000b\000i\000n\000g\000\040\000D\000i\000s\000t\000r\000i\000b\000u\000t\000i\000o\000n\000s}{}% 20
\BOOKMARK [1][-]{section*.21}{\376\377\000E\000x\000a\000m\000p\000l\000e\000s\000\040\000o\000f\000\040\000c\000o\000m\000m\000o\000n\000\040\000s\000h\000a\000p\000e\000s}{}% 21
\BOOKMARK [1][-]{section*.22}{\376\377\000S\000h\000a\000p\000e\000s\000\040\000w\000i\000t\000h\000\040\000H\000i\000s\000t\000o\000g\000r\000a\000m\000s}{}% 22
\BOOKMARK [1][-]{section*.23}{\376\377\000F\000a\000c\000t\000o\000r\000s\000\040\000A\000f\000f\000e\000c\000t\000i\000n\000g\000\040\000D\000i\000s\000t\000r\000i\000b\000u\000t\000i\000o\000n\000\040\000S\000h\000a\000p\000e}{}% 23
\BOOKMARK [1][-]{section*.24}{\376\377\000E\000f\000f\000e\000c\000t\000\040\000o\000f\000\040\000S\000a\000m\000p\000l\000i\000n\000g}{}% 24
\BOOKMARK [1][-]{section*.25}{\376\377\000E\000f\000f\000e\000c\000t\000\040\000o\000f\000\040\000R\000e\000l\000a\000t\000i\000v\000e\000\040\000S\000c\000a\000l\000e}{}% 25
\BOOKMARK [1][-]{section*.26}{\376\377\000E\000f\000f\000e\000c\000t\000\040\000o\000f\000\040\000F\000r\000e\000q\000u\000e\000n\000c\000y\000\040\000N\000o\000t\000\040\000S\000t\000a\000r\000t\000i\000n\000g\000\040\000a\000t\000\040\000Z\000e\000r\000o}{}% 26
\BOOKMARK [1][-]{section*.27}{\376\377\000E\000f\000f\000e\000c\000t\000\040\000o\000f\000\040\000B\000i\000n\000w\000i\000d\000t\000h\000\040\000o\000n\000\040\000H\000i\000s\000t\000o\000g\000r\000a\000m\000s}{}% 27
\BOOKMARK [1][-]{section*.28}{\376\377\000C\000u\000m\000u\000l\000a\000t\000i\000v\000e\000\040\000P\000o\000l\000y\000g\000o\000n\000\040\000\050\000O\000g\000i\000v\000e\000\051}{}% 28
\BOOKMARK [1][-]{section*.29}{\376\377\000O\000g\000i\000v\000e\000\040\000-\000\040\000C\000u\000m\000u\000l\000a\000t\000i\000v\000e\000\040\000P\000e\000r\000c\000e\000n\000t\000a\000g\000e}{}% 29
\BOOKMARK [1][-]{section*.30}{\376\377\000R\000e\000a\000l\000\040\000L\000i\000f\000e\000\040\000O\000g\000i\000v\000e\000\040\000E\000x\000a\000m\000p\000l\000e}{}% 30
\BOOKMARK [1][-]{section*.31}{\376\377\000P\000e\000r\000c\000e\000n\000t\000i\000l\000e\000\040\000R\000a\000n\000k\000s\000\040\000a\000n\000d\000\040\000P\000e\000r\000c\000e\000n\000t\000i\000l\000e\000s}{}% 31
\BOOKMARK [1][-]{section*.32}{\376\377\000S\000p\000e\000c\000i\000a\000l\000\040\000P\000e\000r\000c\000e\000n\000t\000i\000l\000e\000\040\000P\000o\000i\000n\000t\000s}{}% 32
\BOOKMARK [1][-]{section*.33}{\376\377\000E\000s\000t\000i\000m\000a\000t\000e\000\040\000P\000e\000r\000c\000e\000n\000t\000i\000l\000e\000\040\000R\000a\000n\000k\000s\000/\000P\000e\000r\000c\000e\000n\000t\000i\000l\000e\000s}{}% 33
\BOOKMARK [1][-]{section*.34}{\376\377\000D\000e\000c\000i\000l\000e\000\040\000D\000i\000f\000f\000e\000r\000e\000n\000c\000e\000s}{}% 34
\BOOKMARK [1][-]{section*.35}{\376\377\000Q\000u\000a\000r\000t\000i\000l\000e\000s\000\040\000a\000n\000d\000\040\000S\000h\000a\000p\000e}{}% 35
\BOOKMARK [1][-]{section*.36}{\376\377\000O\000g\000i\000v\000e\000\040\000S\000h\000a\000p\000e}{}% 36
\BOOKMARK [1][-]{section*.37}{\376\377\000C\000a\000l\000c\000u\000l\000a\000t\000i\000n\000g\000\040\000P\000e\000r\000c\000e\000n\000t\000i\000l\000e\000s\000\040\000a\000n\000d\000\040\000P\000e\000r\000c\000e\000n\000t\000i\000l\000e\000\040\000R\000a\000n\000k\000s}{}% 37
\BOOKMARK [1][-]{section*.38}{\376\377\000C\000a\000l\000c\000u\000l\000a\000t\000i\000n\000g\000\040\000E\000x\000a\000m\000p\000l\000e\000s}{}% 38
\BOOKMARK [1][-]{section*.39}{\376\377\000B\000a\000r\000\040\000G\000r\000a\000p\000h\000s}{}% 39
\BOOKMARK [1][-]{section*.40}{\376\377\000P\000i\000e\000\040\000C\000h\000a\000r\000t\000s}{}% 40
\BOOKMARK [1][-]{section*.41}{\376\377\000P\000o\000o\000r\000\040\000g\000r\000a\000p\000h\000i\000c\000s}{}% 41
\BOOKMARK [1][-]{section*.42}{\376\377\000I\000n\000t\000e\000r\000e\000s\000t\000i\000n\000g\000\040\000G\000r\000a\000p\000h\000i\000c\000\040\000E\000x\000a\000m\000p\000l\000e\000s}{}% 42
