\BOOKMARK [1][-]{section*.1}{\376\377\000C\000o\000r\000r\000e\000l\000a\000t\000i\000o\000n\000\040\000I\000n\000t\000r\000o\000d\000u\000c\000t\000i\000o\000n}{}% 1
\BOOKMARK [1][-]{section*.2}{\376\377\000B\000i\000v\000a\000r\000i\000a\000t\000e\000\040\000F\000r\000e\000q\000u\000e\000n\000c\000y\000\040\000D\000i\000s\000t\000r\000i\000b\000u\000t\000i\000o\000n}{}% 2
\BOOKMARK [1][-]{section*.3}{\376\377\000S\000c\000a\000t\000t\000e\000r\000p\000l\000o\000t}{}% 3
\BOOKMARK [1][-]{section*.4}{\376\377\000C\000o\000r\000r\000e\000l\000a\000t\000i\000o\000n\000\040\0002}{}% 4
\BOOKMARK [1][-]{section*.5}{\376\377\000C\000o\000r\000r\000e\000l\000a\000t\000i\000o\000n\000\040\0003}{}% 5
\BOOKMARK [1][-]{section*.6}{\376\377\000E\000x\000a\000m\000p\000l\000e\000s}{}% 6
\BOOKMARK [1][-]{section*.7}{\376\377\000R\000e\000a\000l\000\040\000w\000o\000r\000l\000d\000\040\000E\000x\000a\000m\000p\000l\000e\000s}{}% 7
\BOOKMARK [1][-]{section*.8}{\376\377\000R\000e\000a\000l\000\040\000W\000o\000r\000l\000d\000\040\000E\000x\000a\000m\000p\000l\000e\000\040\0002}{}% 8
\BOOKMARK [1][-]{section*.9}{\376\377\000R\000e\000a\000l\000\040\000W\000o\000r\000l\000d\000\040\000E\000x\000a\000m\000p\000l\000e\000\040\0002\000\040\000c\000o\000n\000t\000.}{}% 9
\BOOKMARK [1][-]{section*.10}{\376\377\000G\000u\000e\000s\000s\000i\000n\000g\000\040\000C\000o\000r\000r\000e\000l\000a\000t\000i\000o\000n\000s}{}% 10
\BOOKMARK [1][-]{section*.11}{\376\377\000C\000o\000r\000r\000e\000l\000a\000t\000i\000o\000n\000\040\000F\000o\000r\000m\000u\000l\000a}{}% 11
\BOOKMARK [1][-]{section*.12}{\376\377\000C\000a\000l\000c\000u\000l\000a\000t\000i\000n\000g\000\040\000t\000h\000e\000\040\000C\000o\000r\000r\000e\000l\000a\000t\000i\000o\000n}{}% 12
\BOOKMARK [1][-]{section*.13}{\376\377\000C\000o\000r\000r\000e\000l\000a\000t\000i\000o\000n\000\040\000F\000o\000r\000m\000u\000l\000a\000\040\0002}{}% 13
\BOOKMARK [1][-]{section*.14}{\376\377\000C\000o\000r\000r\000e\000l\000a\000t\000i\000o\000n\000\040\000P\000r\000o\000p\000e\000r\000t\000i\000e\000s}{}% 14
\BOOKMARK [1][-]{section*.15}{\376\377\000C\000o\000r\000r\000e\000l\000a\000t\000i\000o\000n\000\040\000P\000r\000o\000p\000e\000r\000t\000i\000e\000s\000\040\0002}{}% 15
\BOOKMARK [1][-]{section*.16}{\376\377\000P\000e\000r\000f\000e\000c\000t\000\040\000L\000i\000n\000e\000a\000r\000i\000t\000y}{}% 16
\BOOKMARK [1][-]{section*.17}{\376\377\000N\000o\000n\000-\000l\000i\000n\000e\000a\000r\000\040\000T\000r\000e\000n\000d\000s}{}% 17
\BOOKMARK [1][-]{section*.18}{\376\377\000I\000n\000t\000e\000r\000p\000r\000e\000t\000a\000t\000i\000o\000n\000\040\000o\000f\000\040\000t\000h\000e\000\040\000C\000o\000r\000r\000e\000l\000a\000t\000i\000o\000n}{}% 18
\BOOKMARK [1][-]{section*.19}{\376\377\000I\000n\000t\000e\000r\000p\000r\000e\000t\000a\000t\000i\000o\000n\000\040\000o\000f\000\040\000t\000h\000e\000\040\000C\000o\000r\000r\000e\000l\000a\000t\000i\000o\000n\000\040\0002}{}% 19
\BOOKMARK [1][-]{section*.20}{\376\377\000C\000o\000r\000r\000e\000l\000a\000t\000i\000o\000n\000\040\000i\000s\000\040\000n\000o\000t\000\040\000C\000a\000u\000s\000a\000t\000i\000o\000n}{}% 20
\BOOKMARK [1][-]{section*.21}{\376\377\000C\000o\000n\000f\000o\000u\000n\000d\000i\000n\000g}{}% 21
\BOOKMARK [1][-]{section*.22}{\376\377\000C\000o\000r\000r\000e\000l\000a\000t\000i\000o\000n\000\040\000w\000i\000t\000h\000\040\000t\000i\000m\000e}{}% 22
\BOOKMARK [1][-]{section*.23}{\376\377\000C\000o\000r\000r\000e\000l\000a\000t\000i\000o\000n\000\040\000i\000s\000\040\000n\000o\000t\000\040\000C\000a\000u\000s\000a\000t\000i\000o\000n\000\040\000S\000u\000m\000m\000a\000r\000y}{}% 23
\BOOKMARK [1][-]{section*.24}{\376\377\000R\000e\000s\000t\000r\000i\000c\000t\000i\000o\000n\000\040\000o\000f\000\040\000R\000a\000n\000g\000e}{}% 24
\BOOKMARK [1][-]{section*.25}{\376\377\000C\000o\000r\000r\000e\000l\000a\000t\000i\000o\000n\000s\000\040\000w\000i\000t\000h\000\040\000s\000u\000b\000p\000o\000p\000u\000l\000a\000t\000i\000o\000n\000s}{}% 25
\BOOKMARK [1][-]{section*.26}{\376\377\000C\000a\000u\000t\000i\000o\000n\000s\000\040\000f\000o\000r\000\040\000C\000o\000r\000r\000e\000l\000a\000t\000i\000o\000n\000\040\000S\000u\000m\000m\000a\000r\000y}{}% 26
