\BOOKMARK [1][-]{section*.1}{\376\377\000D\000e\000s\000c\000r\000i\000p\000t\000i\000v\000e\000\040\000v\000s\000\040\000I\000n\000f\000e\000r\000e\000n\000t\000i\000a\000l\000\040\000S\000t\000a\000t\000i\000s\000t\000i\000c\000s}{}% 1
\BOOKMARK [1][-]{section*.2}{\376\377\000I\000n\000f\000e\000r\000e\000n\000t\000i\000a\000l\000\040\000L\000o\000o\000p}{}% 2
\BOOKMARK [1][-]{section*.3}{\376\377\000R\000e\000a\000s\000o\000n\000s\000\040\000f\000o\000r\000\040\000S\000a\000m\000p\000l\000i\000n\000g}{}% 3
\BOOKMARK [1][-]{section*.4}{\376\377\000S\000a\000m\000p\000l\000i\000n\000g\000\040\000e\000x\000a\000m\000p\000l\000e}{}% 4
\BOOKMARK [1][-]{section*.5}{\376\377\000T\000h\000r\000e\000e\000\040\000C\000h\000a\000r\000a\000c\000t\000e\000r\000i\000s\000t\000i\000c\000s\000\040\000o\000f\000\040\000a\000n\000\040\000E\000x\000p\000e\000r\000i\000m\000e\000n\000t}{}% 5
\BOOKMARK [1][-]{section*.6}{\376\377\000D\000e\000f\000i\000n\000i\000t\000i\000o\000n\000s}{}% 6
\BOOKMARK [1][-]{section*.7}{\376\377\000P\000r\000o\000b\000a\000b\000i\000l\000i\000t\000y\000\040\000o\000f\000\040\000a\000n\000\040\000E\000v\000e\000n\000t}{}% 7
\BOOKMARK [1][-]{section*.8}{\376\377\000M\000o\000r\000e\000\040\000D\000e\000f\000i\000n\000i\000t\000i\000o\000n\000s}{}% 8
\BOOKMARK [1][-]{section*.9}{\376\377\000E\000x\000a\000m\000p\000l\000e}{}% 9
\BOOKMARK [1][-]{section*.10}{\376\377\000P\000r\000o\000b\000a\000b\000i\000l\000i\000t\000y}{}% 10
\BOOKMARK [1][-]{section*.11}{\376\377\000P\000r\000o\000b\000a\000b\000i\000l\000i\000t\000y\000\040\0002}{}% 11
\BOOKMARK [1][-]{section*.12}{\376\377\000T\000w\000o\000\040\000W\000a\000y\000s\000\040\000t\000o\000\040\000C\000a\000l\000c\000u\000l\000a\000t\000e\000\040\000P\000r\000o\000b\000a\000b\000i\000l\000i\000t\000y}{}% 12
\BOOKMARK [1][-]{section*.13}{\376\377\000C\000o\000i\000n\000\040\000O\000n\000c\000e}{}% 13
\BOOKMARK [1][-]{section*.14}{\376\377\000A\000d\000d\000i\000t\000i\000o\000n\000\040\000T\000h\000e\000o\000r\000e\000m\000\040\000\050\000O\000R\000\040\000R\000u\000l\000e\000\051}{}% 14
\BOOKMARK [1][-]{section*.15}{\376\377\000C\000o\000i\000n\000\040\000T\000w\000i\000c\000e}{}% 15
\BOOKMARK [1][-]{section*.16}{\376\377\000M\000u\000l\000t\000i\000p\000l\000i\000c\000a\000t\000i\000o\000n\000\040\000T\000h\000e\000o\000r\000e\000m\000\040\000\050\000A\000N\000D\000\040\000R\000u\000l\000e\000\051}{}% 16
\BOOKMARK [1][-]{section*.17}{\376\377\000C\000o\000i\000n\000\040\000T\000h\000r\000i\000c\000e}{}% 17
\BOOKMARK [1][-]{section*.18}{\376\377\000B\000i\000n\000o\000m\000i\000a\000l\000\040\000E\000x\000p\000e\000r\000i\000m\000e\000n\000t}{}% 18
\BOOKMARK [1][-]{section*.19}{\376\377\000B\000i\000n\000o\000m\000i\000a\000l\000\040\000E\000x\000p\000a\000n\000s\000i\000o\000n\000\040\000E\000x\000a\000m\000p\000l\000e}{}% 19
\BOOKMARK [1][-]{section*.20}{\376\377\000P\000r\000o\000b\000a\000b\000i\000l\000i\000t\000y\000\040\000D\000i\000s\000t\000r\000i\000b\000u\000t\000i\000o\000n}{}% 20
\BOOKMARK [1][-]{section*.21}{\376\377\000B\000i\000n\000o\000m\000i\000a\000l\000\040\000E\000x\000p\000a\000n\000s\000i\000o\000n\000\040\000E\000x\000a\000m\000p\000l\000e\000\040\0002}{}% 21
\BOOKMARK [1][-]{section*.22}{\376\377\000P\000r\000o\000b\000a\000b\000i\000l\000i\000t\000y\000\040\000D\000i\000s\000t\000r\000i\000b\000u\000t\000i\000o\000n\000\040\0002}{}% 22
\BOOKMARK [1][-]{section*.23}{\376\377\000B\000i\000n\000o\000m\000i\000a\000l\000\040\000E\000x\000p\000a\000n\000s\000i\000o\000n}{}% 23
\BOOKMARK [1][-]{section*.24}{\376\377\000P\000r\000o\000b\000a\000b\000i\000l\000i\000t\000y\000\040\000D\000i\000s\000t\000r\000i\000b\000u\000t\000i\000o\000n\000\040\0003}{}% 24
\BOOKMARK [1][-]{section*.25}{\376\377\000C\000h\000a\000r\000a\000c\000t\000e\000r\000i\000s\000t\000i\000c\000s\000\040\000o\000f\000\040\000t\000h\000e\000\040\000B\000i\000n\000o\000m\000i\000a\000l\000\040\000D\000i\000s\000t\000r\000i\000b\000u\000t\000i\000o\000n}{}% 25
\BOOKMARK [1][-]{section*.26}{\376\377\000P\000r\000o\000b\000a\000b\000i\000l\000i\000t\000y\000\040\000D\000i\000s\000t\000r\000i\000b\000u\000t\000i\000o\000n\000\040\000E\000x\000a\000m\000p\000l\000e}{}% 26
\BOOKMARK [1][-]{section*.27}{\376\377\000N\000o\000r\000m\000a\000l\000\040\000A\000p\000p\000r\000o\000x\000i\000m\000a\000t\000i\000o\000n\000\040\000t\000o\000\040\000B\000i\000n\000o\000m\000i\000a\000l\000\040\000D\000i\000s\000t\000r\000i\000b\000u\000t\000i\000o\000n}{}% 27
\BOOKMARK [1][-]{section*.28}{\376\377\000A\000n\000o\000t\000h\000e\000r\000\040\000B\000i\000n\000o\000m\000i\000a\000l\000\040\000E\000x\000a\000m\000p\000l\000e}{}% 28
\BOOKMARK [1][-]{section*.29}{\376\377\000E\000x\000a\000m\000p\000l\000e\000\040\0003}{}% 29
\BOOKMARK [1][-]{section*.30}{\376\377\000T\000a\000s\000t\000e\000\040\000T\000e\000s\000t}{}% 30
\BOOKMARK [1][-]{section*.31}{\376\377\000T\000a\000s\000t\000e\000\040\000T\000e\000s\000t\000\040\000R\000e\000s\000u\000l\000t\000s}{}% 31
\BOOKMARK [1][-]{section*.32}{\376\377\000T\000a\000s\000t\000e\000\040\000T\000e\000s\000t\000\040\000P\000r\000o\000b\000a\000b\000i\000l\000i\000t\000y\000\040\000D\000i\000s\000t\000r\000i\000b\000u\000t\000i\000o\000n}{}% 32
\BOOKMARK [1][-]{section*.33}{\376\377\000T\000a\000s\000t\000e\000\040\000T\000e\000s\000t\000\040\000R\000e\000s\000u\000l\000t\000s}{}% 33
\BOOKMARK [1][-]{section*.34}{\376\377\000T\000a\000s\000t\000e\000\040\000T\000e\000s\000t\000:\000\040\000W\000h\000e\000n\000\040\000c\000a\000n\000\040\000s\000o\000m\000e\000o\000n\000e\000\040\000t\000e\000l\000l\000?}{}% 34
