\BOOKMARK [1][-]{section*.1}{\376\377\000S\000t\000a\000t\000i\000s\000t\000i\000c\000s\000\040\000v\000s\000\040\000P\000a\000r\000a\000m\000e\000t\000e\000r\000s}{}% 1
\BOOKMARK [1][-]{section*.2}{\376\377\000N\000o\000t\000a\000t\000i\000o\000n}{}% 2
\BOOKMARK [1][-]{section*.3}{\376\377\000N\000o\000t\000a\000t\000i\000o\000n\000\040\0002}{}% 3
\BOOKMARK [1][-]{section*.4}{\376\377\000S\000i\000n\000g\000l\000e\000\040\000n\000u\000m\000b\000e\000r\000\040\000D\000e\000s\000c\000r\000i\000p\000t\000i\000v\000e\000\040\000S\000t\000a\000t\000i\000s\000t\000i\000c\000s}{}% 4
\BOOKMARK [1][-]{section*.5}{\376\377\000M\000e\000a\000s\000u\000r\000e\000\040\000o\000f\000\040\000C\000e\000n\000t\000r\000a\000l\000\040\000T\000e\000n\000d\000e\000n\000c\000y}{}% 5
\BOOKMARK [1][-]{section*.6}{\376\377\000M\000o\000d\000e\000\040\000C\000a\000l\000c\000u\000l\000a\000t\000i\000o\000n\000s}{}% 6
\BOOKMARK [1][-]{section*.7}{\376\377\000M\000e\000a\000s\000u\000r\000e\000\040\000o\000f\000\040\000C\000e\000n\000t\000r\000a\000l\000\040\000T\000e\000n\000d\000e\000n\000c\000y\000\040\0002}{}% 7
\BOOKMARK [1][-]{section*.8}{\376\377\000M\000e\000a\000s\000u\000r\000e\000\040\000o\000f\000\040\000C\000e\000n\000t\000r\000a\000l\000\040\000T\000e\000n\000d\000e\000n\000c\000y\000\040\0002}{}% 8
\BOOKMARK [1][-]{section*.9}{\376\377\000M\000e\000d\000i\000a\000n\000\040\000C\000a\000l\000c\000u\000l\000a\000t\000i\000o\000n\000s}{}% 9
\BOOKMARK [1][-]{section*.10}{\376\377\000M\000e\000a\000s\000u\000r\000e\000s\000\040\000o\000f\000\040\000C\000e\000n\000t\000r\000a\000l\000\040\000T\000e\000n\000d\000e\000n\000c\000y\000\040\0003}{}% 10
\BOOKMARK [1][-]{section*.11}{\376\377\000M\000e\000a\000s\000u\000r\000e\000s\000\040\000o\000f\000\040\000C\000e\000n\000t\000r\000a\000l\000\040\000T\000e\000n\000d\000e\000n\000c\000y\000\040\0003}{}% 11
\BOOKMARK [1][-]{section*.12}{\376\377\000M\000e\000a\000n\000\040\000C\000a\000l\000c\000u\000l\000a\000t\000i\000o\000n\000s\000\040\0001}{}% 12
\BOOKMARK [1][-]{section*.13}{\376\377\000M\000e\000a\000n\000\040\000C\000o\000m\000i\000c}{}% 13
\BOOKMARK [1][-]{section*.14}{\376\377\000M\000e\000a\000s\000u\000r\000e\000s\000\040\000o\000f\000\040\000C\000e\000n\000t\000r\000a\000l\000\040\000T\000e\000n\000d\000e\000n\000c\000y\000\040\0003}{}% 14
\BOOKMARK [1][-]{section*.15}{\376\377\000M\000e\000a\000n\000\040\000C\000a\000l\000c\000u\000l\000a\000t\000i\000o\000n\000s\000\040\0002}{}% 15
\BOOKMARK [1][-]{section*.16}{\376\377\000M\000e\000a\000n\000\040\000i\000s\000\040\000M\000a\000t\000h\000e\000m\000a\000t\000i\000c\000a\000l\000l\000y\000\040\000T\000r\000a\000c\000t\000a\000b\000l\000e}{}% 16
\BOOKMARK [1][-]{section*.17}{\376\377\000W\000e\000i\000g\000h\000t\000e\000d\000\040\000M\000e\000a\000n}{}% 17
\BOOKMARK [1][-]{section*.18}{\376\377\000W\000e\000i\000g\000h\000t\000e\000d\000\040\000M\000e\000a\000n\000\040\000E\000x\000a\000m\000p\000l\000e}{}% 18
\BOOKMARK [1][-]{section*.19}{\376\377\000W\000e\000i\000g\000h\000t\000e\000d\000\040\000M\000e\000a\000n\000\040\000E\000x\000a\000m\000p\000l\000e\000\040\0002}{}% 19
\BOOKMARK [1][-]{section*.20}{\376\377\000P\000u\000z\000z\000l\000e\000r\000\040\000-\000\040\000S\000i\000m\000p\000s\000o\000n\000'\000s\000\040\000P\000a\000r\000a\000d\000o\000x}{}% 20
\BOOKMARK [1][-]{section*.21}{\376\377\000C\000h\000o\000o\000s\000i\000n\000g\000\040\000a\000\040\000S\000t\000a\000t\000i\000s\000t\000i\000c}{}% 21
\BOOKMARK [1][-]{section*.22}{\376\377\000W\000h\000a\000t\000\040\000t\000o\000\040\000u\000s\000e\000\040\000f\000o\000r\000\040\000s\000k\000e\000w\000e\000d\000\040\000d\000i\000s\000t\000r\000i\000b\000u\000t\000i\000o\000n\000s\000?}{}% 22
\BOOKMARK [1][-]{section*.23}{\376\377\000S\000t\000r\000e\000n\000g\000t\000h\000s\000/\000W\000e\000a\000k\000n\000e\000s\000s\000e\000s\000\040\000o\000f\000\040\000t\000h\000e\000\040\000M\000o\000d\000e}{}% 23
\BOOKMARK [1][-]{section*.24}{\376\377\000S\000t\000r\000e\000n\000g\000t\000h\000s\000/\000W\000e\000a\000k\000n\000e\000s\000s\000e\000s\000\040\000o\000f\000\040\000t\000h\000e\000\040\000M\000e\000d\000i\000a\000n}{}% 24
\BOOKMARK [1][-]{section*.25}{\376\377\000S\000t\000r\000e\000n\000g\000t\000h\000s\000/\000W\000e\000a\000k\000n\000e\000s\000s\000e\000s\000\040\000o\000f\000\040\000t\000h\000e\000\040\000M\000e\000a\000n}{}% 25
